[0.431s] Invoking command in '/home/hibiki/.ssh/mypkg': PYTHONPATH=/home/hibiki/.ssh/mypkg/build/mypkg/prefix_override:/home/hibiki/.ssh/mypkg/install/mypkg/lib/python3.8/site-packages:${PYTHONPATH} /usr/bin/python3 setup.py egg_info --egg-base build/mypkg build --build-base /home/hibiki/.ssh/mypkg/build/mypkg/build install --record /home/hibiki/.ssh/mypkg/build/mypkg/install.log --install-scripts $base/lib/mypkg --single-version-externally-managed
[0.575s] running egg_info
[0.575s] creating build/mypkg/mypkg.egg-info
[0.575s] writing build/mypkg/mypkg.egg-info/PKG-INFO
[0.576s] writing dependency_links to build/mypkg/mypkg.egg-info/dependency_links.txt
[0.576s] writing entry points to build/mypkg/mypkg.egg-info/entry_points.txt
[0.576s] writing requirements to build/mypkg/mypkg.egg-info/requires.txt
[0.576s] writing top-level names to build/mypkg/mypkg.egg-info/top_level.txt
[0.576s] writing manifest file 'build/mypkg/mypkg.egg-info/SOURCES.txt'
[0.596s] reading manifest file 'build/mypkg/mypkg.egg-info/SOURCES.txt'
[0.596s] writing manifest file 'build/mypkg/mypkg.egg-info/SOURCES.txt'
[0.596s] running build
[0.596s] running build_py
[0.596s] creating /home/hibiki/.ssh/mypkg/build/mypkg/build
[0.596s] creating /home/hibiki/.ssh/mypkg/build/mypkg/build/lib
[0.596s] creating /home/hibiki/.ssh/mypkg/build/mypkg/build/lib/mypkg
[0.596s] copying mypkg/__init__.py -> /home/hibiki/.ssh/mypkg/build/mypkg/build/lib/mypkg
[0.596s] copying mypkg/listener.py -> /home/hibiki/.ssh/mypkg/build/mypkg/build/lib/mypkg
[0.596s] copying mypkg/talker.py -> /home/hibiki/.ssh/mypkg/build/mypkg/build/lib/mypkg
[0.596s] running install
[0.597s] running install_lib
[0.597s] creating /home/hibiki/.ssh/mypkg/install/mypkg/lib/python3.8/site-packages/mypkg
[0.597s] copying /home/hibiki/.ssh/mypkg/build/mypkg/build/lib/mypkg/__init__.py -> /home/hibiki/.ssh/mypkg/install/mypkg/lib/python3.8/site-packages/mypkg
[0.597s] copying /home/hibiki/.ssh/mypkg/build/mypkg/build/lib/mypkg/listener.py -> /home/hibiki/.ssh/mypkg/install/mypkg/lib/python3.8/site-packages/mypkg
[0.597s] copying /home/hibiki/.ssh/mypkg/build/mypkg/build/lib/mypkg/talker.py -> /home/hibiki/.ssh/mypkg/install/mypkg/lib/python3.8/site-packages/mypkg
[0.598s] byte-compiling /home/hibiki/.ssh/mypkg/install/mypkg/lib/python3.8/site-packages/mypkg/__init__.py to __init__.cpython-38.pyc
[0.598s] byte-compiling /home/hibiki/.ssh/mypkg/install/mypkg/lib/python3.8/site-packages/mypkg/listener.py to listener.cpython-38.pyc
[0.598s] byte-compiling /home/hibiki/.ssh/mypkg/install/mypkg/lib/python3.8/site-packages/mypkg/talker.py to talker.cpython-38.pyc
[0.599s] running install_data
[0.599s] creating /home/hibiki/.ssh/mypkg/install/mypkg/share/ament_index
[0.599s] creating /home/hibiki/.ssh/mypkg/install/mypkg/share/ament_index/resource_index
[0.599s] creating /home/hibiki/.ssh/mypkg/install/mypkg/share/ament_index/resource_index/packages
[0.599s] copying resource/mypkg -> /home/hibiki/.ssh/mypkg/install/mypkg/share/ament_index/resource_index/packages
[0.599s] copying package.xml -> /home/hibiki/.ssh/mypkg/install/mypkg/share/mypkg
[0.599s] copying launch/talk_listen.launch.py -> /home/hibiki/.ssh/mypkg/install/mypkg/share/mypkg
[0.599s] running install_egg_info
[0.600s] Copying build/mypkg/mypkg.egg-info to /home/hibiki/.ssh/mypkg/install/mypkg/lib/python3.8/site-packages/mypkg-0.0.0-py3.8.egg-info
[0.600s] running install_scripts
[0.610s] Installing listener script to /home/hibiki/.ssh/mypkg/install/mypkg/lib/mypkg
[0.610s] Installing talker script to /home/hibiki/.ssh/mypkg/install/mypkg/lib/mypkg
[0.610s] writing list of installed files to '/home/hibiki/.ssh/mypkg/build/mypkg/install.log'
[0.621s] Invoked command in '/home/hibiki/.ssh/mypkg' returned '0': PYTHONPATH=/home/hibiki/.ssh/mypkg/build/mypkg/prefix_override:/home/hibiki/.ssh/mypkg/install/mypkg/lib/python3.8/site-packages:${PYTHONPATH} /usr/bin/python3 setup.py egg_info --egg-base build/mypkg build --build-base /home/hibiki/.ssh/mypkg/build/mypkg/build install --record /home/hibiki/.ssh/mypkg/build/mypkg/install.log --install-scripts $base/lib/mypkg --single-version-externally-managed
