[0.201s] DEBUG:colcon:Command line arguments: ['/usr/bin/colcon', 'build']
[0.201s] DEBUG:colcon:Parsed command line arguments: Namespace(allow_overriding=[], ament_cmake_args=None, base_paths=['.'], build_base='build', catkin_cmake_args=None, catkin_skip_building_tests=False, cmake_args=None, cmake_clean_cache=False, cmake_clean_first=False, cmake_force_configure=False, cmake_target=None, cmake_target_skip_unavailable=False, continue_on_error=False, event_handlers=None, executor='parallel', ignore_user_meta=False, install_base='install', log_base=None, log_level=None, main=<bound method BuildVerb.main of <colcon_core.verb.build.BuildVerb object at 0x7fdb1cfa2130>>, merge_install=False, metas=['./colcon.meta'], packages_above=None, packages_above_and_dependencies=None, packages_above_depth=None, packages_end=None, packages_ignore=None, packages_ignore_regex=None, packages_select=None, packages_select_build_failed=False, packages_select_by_dep=None, packages_select_regex=None, packages_select_test_failures=False, packages_skip=None, packages_skip_build_finished=False, packages_skip_by_dep=None, packages_skip_regex=None, packages_skip_test_passed=False, packages_skip_up_to=None, packages_start=None, packages_up_to=None, packages_up_to_regex=None, parallel_workers=16, paths=None, symlink_install=False, test_result_base=None, verb_extension=<colcon_core.verb.build.BuildVerb object at 0x7fdb1cfa2130>, verb_name='build', verb_parser=<colcon_defaults.argument_parser.defaults.DefaultArgumentsDecorator object at 0x7fdb1cfa2670>)
[0.220s] Level 1:colcon.colcon_core.package_discovery:discover_packages(colcon_meta) check parameters
[0.220s] Level 1:colcon.colcon_core.package_discovery:discover_packages(recursive) check parameters
[0.220s] Level 1:colcon.colcon_core.package_discovery:discover_packages(ignore) check parameters
[0.220s] Level 1:colcon.colcon_core.package_discovery:discover_packages(path) check parameters
[0.220s] Level 1:colcon.colcon_core.package_discovery:discover_packages(colcon_meta) discover
[0.220s] Level 1:colcon.colcon_core.package_discovery:discover_packages(recursive) discover
[0.220s] INFO:colcon.colcon_core.package_discovery:Crawling recursively for packages in '/home/hibiki/.ssh/mypkg'
[0.220s] Level 1:colcon.colcon_core.package_identification:_identify(.) by extensions ['ignore', 'ignore_ament_install']
[0.220s] Level 1:colcon.colcon_core.package_identification:_identify(.) by extension 'ignore'
[0.220s] Level 1:colcon.colcon_core.package_identification:_identify(.) by extension 'ignore_ament_install'
[0.220s] Level 1:colcon.colcon_core.package_identification:_identify(.) by extensions ['colcon_pkg']
[0.220s] Level 1:colcon.colcon_core.package_identification:_identify(.) by extension 'colcon_pkg'
[0.220s] Level 1:colcon.colcon_core.package_identification:_identify(.) by extensions ['colcon_meta']
[0.220s] Level 1:colcon.colcon_core.package_identification:_identify(.) by extension 'colcon_meta'
[0.220s] Level 1:colcon.colcon_core.package_identification:_identify(.) by extensions ['ros']
[0.220s] Level 1:colcon.colcon_core.package_identification:_identify(.) by extension 'ros'
[0.228s] DEBUG:colcon.colcon_core.package_identification:Package '.' with type 'ros.ament_python' and name 'mypkg'
[0.228s] Level 1:colcon.colcon_core.package_discovery:discover_packages(recursive) using defaults
[0.228s] Level 1:colcon.colcon_core.package_discovery:discover_packages(ignore) discover
[0.228s] Level 1:colcon.colcon_core.package_discovery:discover_packages(ignore) using defaults
[0.228s] Level 1:colcon.colcon_core.package_discovery:discover_packages(path) discover
[0.228s] Level 1:colcon.colcon_core.package_discovery:discover_packages(path) using defaults
[0.240s] Level 1:colcon.colcon_core.package_discovery:discover_packages(prefix_path) check parameters
[0.240s] Level 1:colcon.colcon_core.package_discovery:discover_packages(prefix_path) discover
[0.241s] DEBUG:colcon.colcon_installed_package_information.package_discovery:Found 2 installed packages in /home/hibiki/ros2_ws/install
[0.242s] DEBUG:colcon.colcon_installed_package_information.package_discovery:Found 256 installed packages in /opt/ros/foxy
[0.243s] Level 1:colcon.colcon_core.package_discovery:discover_packages(prefix_path) using defaults
[0.279s] Level 5:colcon.colcon_core.verb:set package 'mypkg' build argument 'cmake_args' from command line to 'None'
[0.279s] Level 5:colcon.colcon_core.verb:set package 'mypkg' build argument 'cmake_target' from command line to 'None'
[0.279s] Level 5:colcon.colcon_core.verb:set package 'mypkg' build argument 'cmake_target_skip_unavailable' from command line to 'False'
[0.279s] Level 5:colcon.colcon_core.verb:set package 'mypkg' build argument 'cmake_clean_cache' from command line to 'False'
[0.279s] Level 5:colcon.colcon_core.verb:set package 'mypkg' build argument 'cmake_clean_first' from command line to 'False'
[0.279s] Level 5:colcon.colcon_core.verb:set package 'mypkg' build argument 'cmake_force_configure' from command line to 'False'
[0.279s] Level 5:colcon.colcon_core.verb:set package 'mypkg' build argument 'ament_cmake_args' from command line to 'None'
[0.279s] Level 5:colcon.colcon_core.verb:set package 'mypkg' build argument 'catkin_cmake_args' from command line to 'None'
[0.279s] Level 5:colcon.colcon_core.verb:set package 'mypkg' build argument 'catkin_skip_building_tests' from command line to 'False'
[0.279s] DEBUG:colcon.colcon_core.verb:Building package 'mypkg' with the following arguments: {'ament_cmake_args': None, 'build_base': '/home/hibiki/.ssh/mypkg/build/mypkg', 'catkin_cmake_args': None, 'catkin_skip_building_tests': False, 'cmake_args': None, 'cmake_clean_cache': False, 'cmake_clean_first': False, 'cmake_force_configure': False, 'cmake_target': None, 'cmake_target_skip_unavailable': False, 'install_base': '/home/hibiki/.ssh/mypkg/install/mypkg', 'merge_install': False, 'path': '/home/hibiki/.ssh/mypkg', 'symlink_install': False, 'test_result_base': None}
[0.279s] INFO:colcon.colcon_core.executor:Executing jobs using 'parallel' executor
[0.281s] DEBUG:colcon.colcon_parallel_executor.executor.parallel:run_until_complete
[0.281s] INFO:colcon.colcon_ros.task.ament_python.build:Building ROS package in '/home/hibiki/.ssh/mypkg' with build type 'ament_python'
[0.282s] Level 1:colcon.colcon_core.shell:create_environment_hook('mypkg', 'ament_prefix_path')
[0.284s] INFO:colcon.colcon_core.plugin_system:Skipping extension 'colcon_core.shell.bat': Not used on non-Windows systems
[0.284s] INFO:colcon.colcon_core.shell:Creating environment hook '/home/hibiki/.ssh/mypkg/install/mypkg/share/mypkg/hook/ament_prefix_path.ps1'
[0.284s] INFO:colcon.colcon_core.shell:Creating environment descriptor '/home/hibiki/.ssh/mypkg/install/mypkg/share/mypkg/hook/ament_prefix_path.dsv'
[0.284s] INFO:colcon.colcon_core.shell:Creating environment hook '/home/hibiki/.ssh/mypkg/install/mypkg/share/mypkg/hook/ament_prefix_path.sh'
[0.286s] INFO:colcon.colcon_core.shell:Skip shell extension 'powershell' for command environment: Not usable outside of PowerShell
[0.286s] DEBUG:colcon.colcon_core.shell:Skip shell extension 'dsv' for command environment
[0.442s] INFO:colcon.colcon_core.task.python.build:Building Python package in '/home/hibiki/.ssh/mypkg'
[0.443s] INFO:colcon.colcon_core.shell:Skip shell extension 'powershell' for command environment: Not usable outside of PowerShell
[0.443s] DEBUG:colcon.colcon_core.shell:Skip shell extension 'dsv' for command environment
[0.717s] DEBUG:colcon.colcon_core.event_handler.log_command:Invoking command in '/home/hibiki/.ssh/mypkg': PYTHONPATH=/home/hibiki/.ssh/mypkg/build/mypkg/prefix_override:/home/hibiki/.ssh/mypkg/install/mypkg/lib/python3.8/site-packages:${PYTHONPATH} /usr/bin/python3 setup.py egg_info --egg-base build/mypkg build --build-base /home/hibiki/.ssh/mypkg/build/mypkg/build install --record /home/hibiki/.ssh/mypkg/build/mypkg/install.log --install-scripts $base/lib/mypkg --single-version-externally-managed
[0.908s] DEBUG:colcon.colcon_core.event_handler.log_command:Invoked command in '/home/hibiki/.ssh/mypkg' returned '0': PYTHONPATH=/home/hibiki/.ssh/mypkg/build/mypkg/prefix_override:/home/hibiki/.ssh/mypkg/install/mypkg/lib/python3.8/site-packages:${PYTHONPATH} /usr/bin/python3 setup.py egg_info --egg-base build/mypkg build --build-base /home/hibiki/.ssh/mypkg/build/mypkg/build install --record /home/hibiki/.ssh/mypkg/build/mypkg/install.log --install-scripts $base/lib/mypkg --single-version-externally-managed
[0.910s] Level 1:colcon.colcon_core.environment:checking '/home/hibiki/.ssh/mypkg/install/mypkg' for CMake module files
[0.910s] Level 1:colcon.colcon_core.environment:checking '/home/hibiki/.ssh/mypkg/install/mypkg' for CMake config files
[0.911s] Level 1:colcon.colcon_core.environment:checking '/home/hibiki/.ssh/mypkg/install/mypkg/lib'
[0.911s] Level 1:colcon.colcon_core.environment:checking '/home/hibiki/.ssh/mypkg/install/mypkg/bin'
[0.911s] Level 1:colcon.colcon_core.environment:checking '/home/hibiki/.ssh/mypkg/install/mypkg/lib/pkgconfig/mypkg.pc'
[0.911s] Level 1:colcon.colcon_core.environment:checking '/home/hibiki/.ssh/mypkg/install/mypkg/lib/python3.8/site-packages'
[0.911s] Level 1:colcon.colcon_core.shell:create_environment_hook('mypkg', 'pythonpath')
[0.912s] INFO:colcon.colcon_core.shell:Creating environment hook '/home/hibiki/.ssh/mypkg/install/mypkg/share/mypkg/hook/pythonpath.ps1'
[0.912s] INFO:colcon.colcon_core.shell:Creating environment descriptor '/home/hibiki/.ssh/mypkg/install/mypkg/share/mypkg/hook/pythonpath.dsv'
[0.912s] INFO:colcon.colcon_core.shell:Creating environment hook '/home/hibiki/.ssh/mypkg/install/mypkg/share/mypkg/hook/pythonpath.sh'
[0.913s] Level 1:colcon.colcon_core.environment:checking '/home/hibiki/.ssh/mypkg/install/mypkg/bin'
[0.913s] Level 1:colcon.colcon_core.environment:create_environment_scripts_only(mypkg)
[0.914s] INFO:colcon.colcon_core.shell:Creating package script '/home/hibiki/.ssh/mypkg/install/mypkg/share/mypkg/package.ps1'
[0.914s] INFO:colcon.colcon_core.shell:Creating package descriptor '/home/hibiki/.ssh/mypkg/install/mypkg/share/mypkg/package.dsv'
[0.914s] INFO:colcon.colcon_core.shell:Creating package script '/home/hibiki/.ssh/mypkg/install/mypkg/share/mypkg/package.sh'
[0.915s] INFO:colcon.colcon_core.shell:Creating package script '/home/hibiki/.ssh/mypkg/install/mypkg/share/mypkg/package.bash'
[0.915s] INFO:colcon.colcon_core.shell:Creating package script '/home/hibiki/.ssh/mypkg/install/mypkg/share/mypkg/package.zsh'
[0.915s] Level 1:colcon.colcon_core.environment:create_file_with_runtime_dependencies(/home/hibiki/.ssh/mypkg/install/mypkg/share/colcon-core/packages/mypkg)
[0.916s] DEBUG:colcon.colcon_parallel_executor.executor.parallel:closing loop
[0.916s] DEBUG:colcon.colcon_parallel_executor.executor.parallel:loop closed
[0.916s] DEBUG:colcon.colcon_parallel_executor.executor.parallel:run_until_complete finished with '0'
[0.916s] DEBUG:colcon.colcon_core.event_reactor:joining thread
[0.919s] INFO:colcon.colcon_core.plugin_system:Skipping extension 'colcon_notification.desktop_notification.terminal_notifier': Not used on non-Darwin systems
[0.919s] INFO:colcon.colcon_core.plugin_system:Skipping extension 'colcon_notification.desktop_notification.win32': Not used on non-Windows systems
[0.919s] INFO:colcon.colcon_notification.desktop_notification:Sending desktop notification using 'notify2'
[0.928s] DEBUG:colcon.colcon_core.event_reactor:joined thread
[0.929s] INFO:colcon.colcon_core.shell:Creating prefix script '/home/hibiki/.ssh/mypkg/install/local_setup.ps1'
[0.929s] INFO:colcon.colcon_core.shell:Creating prefix util module '/home/hibiki/.ssh/mypkg/install/_local_setup_util_ps1.py'
[0.930s] INFO:colcon.colcon_core.shell:Creating prefix chain script '/home/hibiki/.ssh/mypkg/install/setup.ps1'
[0.931s] INFO:colcon.colcon_core.shell:Creating prefix script '/home/hibiki/.ssh/mypkg/install/local_setup.sh'
[0.931s] INFO:colcon.colcon_core.shell:Creating prefix util module '/home/hibiki/.ssh/mypkg/install/_local_setup_util_sh.py'
[0.931s] INFO:colcon.colcon_core.shell:Creating prefix chain script '/home/hibiki/.ssh/mypkg/install/setup.sh'
[0.932s] INFO:colcon.colcon_core.shell:Creating prefix script '/home/hibiki/.ssh/mypkg/install/local_setup.bash'
[0.932s] INFO:colcon.colcon_core.shell:Creating prefix chain script '/home/hibiki/.ssh/mypkg/install/setup.bash'
[0.933s] INFO:colcon.colcon_core.shell:Creating prefix script '/home/hibiki/.ssh/mypkg/install/local_setup.zsh'
[0.933s] INFO:colcon.colcon_core.shell:Creating prefix chain script '/home/hibiki/.ssh/mypkg/install/setup.zsh'
