[0.443s] Invoking command in '/home/hibiki/.ssh/mypkg': PYTHONPATH=/home/hibiki/.ssh/mypkg/build/mypkg/prefix_override:/home/hibiki/.ssh/mypkg/install/mypkg/lib/python3.8/site-packages:${PYTHONPATH} /usr/bin/python3 setup.py egg_info --egg-base build/mypkg build --build-base /home/hibiki/.ssh/mypkg/build/mypkg/build install --record /home/hibiki/.ssh/mypkg/build/mypkg/install.log --install-scripts $base/lib/mypkg --single-version-externally-managed
[0.586s] running egg_info
[0.586s] writing build/mypkg/mypkg.egg-info/PKG-INFO
[0.586s] writing dependency_links to build/mypkg/mypkg.egg-info/dependency_links.txt
[0.587s] writing entry points to build/mypkg/mypkg.egg-info/entry_points.txt
[0.587s] writing requirements to build/mypkg/mypkg.egg-info/requires.txt
[0.587s] writing top-level names to build/mypkg/mypkg.egg-info/top_level.txt
[0.607s] reading manifest file 'build/mypkg/mypkg.egg-info/SOURCES.txt'
[0.607s] writing manifest file 'build/mypkg/mypkg.egg-info/SOURCES.txt'
[0.607s] running build
[0.607s] running build_py
[0.607s] running install
[0.608s] running install_lib
[0.608s] running install_data
[0.609s] running install_egg_info
[0.610s] removing '/home/hibiki/.ssh/mypkg/install/mypkg/lib/python3.8/site-packages/mypkg-0.0.0-py3.8.egg-info' (and everything under it)
[0.610s] Copying build/mypkg/mypkg.egg-info to /home/hibiki/.ssh/mypkg/install/mypkg/lib/python3.8/site-packages/mypkg-0.0.0-py3.8.egg-info
[0.610s] running install_scripts
[0.619s] Installing listener script to /home/hibiki/.ssh/mypkg/install/mypkg/lib/mypkg
[0.619s] Installing talker script to /home/hibiki/.ssh/mypkg/install/mypkg/lib/mypkg
[0.620s] writing list of installed files to '/home/hibiki/.ssh/mypkg/build/mypkg/install.log'
[0.632s] Invoked command in '/home/hibiki/.ssh/mypkg' returned '0': PYTHONPATH=/home/hibiki/.ssh/mypkg/build/mypkg/prefix_override:/home/hibiki/.ssh/mypkg/install/mypkg/lib/python3.8/site-packages:${PYTHONPATH} /usr/bin/python3 setup.py egg_info --egg-base build/mypkg build --build-base /home/hibiki/.ssh/mypkg/build/mypkg/build install --record /home/hibiki/.ssh/mypkg/build/mypkg/install.log --install-scripts $base/lib/mypkg --single-version-externally-managed
